<?xml version="1.0" encoding="UTF-8"?>
<testsuite name="Tests" tests="3" skipped="0" failures="0" errors="0" timestamp="2022-04-26T11:51:09" hostname="DESKTOP-49NAF5S" time="0.002">
  <properties/>
  <testcase name="testCut_outsideLength1" classname="Tests" time="0.001"/>
  <testcase name="testCut_outsideLength2" classname="Tests" time="0.0"/>
  <testcase name="testCut_withinLength" classname="Tests" time="0.0"/>
  <system-out><![CDATA[]]></system-out>
  <system-err><![CDATA[]]></system-err>
</testsuite>
