<?xml version="1.0" encoding="UTF-8"?>
<testsuite name="Tests" tests="5" skipped="0" failures="0" errors="0" timestamp="2022-03-29T12:50:54" hostname="DESKTOP-49NAF5S" time="0.003">
  <properties/>
  <testcase name="testDiffNameOtherFirst" classname="Tests" time="0.002"/>
  <testcase name="testDiffNameThisFirst" classname="Tests" time="0.0"/>
  <testcase name="testSameContent" classname="Tests" time="0.0"/>
  <testcase name="testDiffNameCase" classname="Tests" time="0.0"/>
  <testcase name="testSameNameDiffDob" classname="Tests" time="0.0"/>
  <system-out><![CDATA[]]></system-out>
  <system-err><![CDATA[]]></system-err>
</testsuite>
