<?xml version="1.0" encoding="UTF-8"?>
<testsuite name="Tests" tests="2" skipped="0" failures="0" errors="0" timestamp="2022-04-26T11:55:55" hostname="DESKTOP-49NAF5S" time="0.002">
  <properties/>
  <testcase name="testCutEnd" classname="Tests" time="0.001"/>
  <testcase name="testCutStart" classname="Tests" time="0.0"/>
  <system-out><![CDATA[]]></system-out>
  <system-err><![CDATA[]]></system-err>
</testsuite>
