<?xml version="1.0" encoding="UTF-8"?>
<testsuite name="Tests" tests="6" skipped="0" failures="0" errors="0" timestamp="2022-04-22T14:16:29" hostname="DESKTOP-7N5COCI" time="0.003">
  <properties/>
  <testcase name="testPhoneNumber_Constructor" classname="Tests" time="0.002"/>
  <testcase name="testPhoneNumber_toString" classname="Tests" time="0.0"/>
  <testcase name="testPhoneNumber_valueOf" classname="Tests" time="0.0"/>
  <testcase name="testPerson_valueOf" classname="Tests" time="0.001"/>
  <testcase name="testPerson_Konstruktor" classname="Tests" time="0.0"/>
  <testcase name="testPerson_toString" classname="Tests" time="0.0"/>
  <system-out><![CDATA[]]></system-out>
  <system-err><![CDATA[]]></system-err>
</testsuite>
